The target system is: Linux-CXX -  - 
The host system is: Linux - 3.10.0-957.el7.x86_64 - x86_64
Compiling the C compiler identification source file "CMakeCCompilerId.c" succeeded.
Compiler: /med/pave360/tools/risc-v/setup/install/ri5cy_gnu_toolchain/bin/riscv32-unknown-elf-gcc 
Build flags: -O3;-m32;-g
Id flags:  

The output was:
0


Compilation of the C compiler identification source "CMakeCCompilerId.c" produced "a.out"

The C compiler identification is GNU, found in "/home/mabdels/egc-med-heliopolis_training/ai_accelerator_riscv/risc-v/sw/build/CMakeFiles/3.10.0/CompilerIdC/a.out"

Compiling the CXX compiler identification source file "CMakeCXXCompilerId.cpp" succeeded.
Compiler: /med/pave360/tools/risc-v/setup/install/ri5cy_gnu_toolchain/bin/riscv32-unknown-elf-c++ 
Build flags: 
Id flags:  

The output was:
0


Compilation of the CXX compiler identification source "CMakeCXXCompilerId.cpp" produced "a.out"

The CXX compiler identification is GNU, found in "/home/mabdels/egc-med-heliopolis_training/ai_accelerator_riscv/risc-v/sw/build/CMakeFiles/3.10.0/CompilerIdCXX/a.out"

Determining if the C compiler works passed with the following output:
Change Dir: /home/mabdels/egc-med-heliopolis_training/ai_accelerator_riscv/risc-v/sw/build/CMakeFiles/CMakeTmp

Run Build Command:"/usr/bin/gmake" "cmTC_22c26/fast"
/usr/bin/gmake -f CMakeFiles/cmTC_22c26.dir/build.make CMakeFiles/cmTC_22c26.dir/build
gmake[1]: Entering directory `/export/home/users/mabdels/ai_accelerator_riscv/risc-v/sw/build/CMakeFiles/CMakeTmp'
Building C object CMakeFiles/cmTC_22c26.dir/testCCompiler.c.o
/med/pave360/tools/risc-v/setup/install/ri5cy_gnu_toolchain/bin/riscv32-unknown-elf-gcc   -O3 -m32 -g    -o CMakeFiles/cmTC_22c26.dir/testCCompiler.c.o   -c /home/mabdels/egc-med-heliopolis_training/ai_accelerator_riscv/risc-v/sw/build/CMakeFiles/CMakeTmp/testCCompiler.c
Linking C executable cmTC_22c26
/med/pave360/tools/risc-v/setup/install/cmake-3.10.0-Linux-x86_64/bin/cmake -E cmake_link_script CMakeFiles/cmTC_22c26.dir/link.txt --verbose=1
/med/pave360/tools/risc-v/setup/install/ri5cy_gnu_toolchain/bin/riscv32-unknown-elf-gcc -O3 -m32 -g     CMakeFiles/cmTC_22c26.dir/testCCompiler.c.o  -o cmTC_22c26 
gmake[1]: Leaving directory `/export/home/users/mabdels/ai_accelerator_riscv/risc-v/sw/build/CMakeFiles/CMakeTmp'


Detecting C compiler ABI info compiled with the following output:
Change Dir: /home/mabdels/egc-med-heliopolis_training/ai_accelerator_riscv/risc-v/sw/build/CMakeFiles/CMakeTmp

Run Build Command:"/usr/bin/gmake" "cmTC_04638/fast"
/usr/bin/gmake -f CMakeFiles/cmTC_04638.dir/build.make CMakeFiles/cmTC_04638.dir/build
gmake[1]: Entering directory `/export/home/users/mabdels/ai_accelerator_riscv/risc-v/sw/build/CMakeFiles/CMakeTmp'
Building C object CMakeFiles/cmTC_04638.dir/CMakeCCompilerABI.c.o
/med/pave360/tools/risc-v/setup/install/ri5cy_gnu_toolchain/bin/riscv32-unknown-elf-gcc   -O3 -m32 -g    -o CMakeFiles/cmTC_04638.dir/CMakeCCompilerABI.c.o   -c /med/pave360/tools/risc-v/setup/install/cmake-3.10.0-Linux-x86_64/share/cmake-3.10/Modules/CMakeCCompilerABI.c
Linking C executable cmTC_04638
/med/pave360/tools/risc-v/setup/install/cmake-3.10.0-Linux-x86_64/bin/cmake -E cmake_link_script CMakeFiles/cmTC_04638.dir/link.txt --verbose=1
/med/pave360/tools/risc-v/setup/install/ri5cy_gnu_toolchain/bin/riscv32-unknown-elf-gcc -O3 -m32 -g    -v CMakeFiles/cmTC_04638.dir/CMakeCCompilerABI.c.o  -o cmTC_04638 
Using built-in specs.
COLLECT_GCC=/med/pave360/tools/risc-v/setup/install/ri5cy_gnu_toolchain/bin/riscv32-unknown-elf-gcc
COLLECT_LTO_WRAPPER=/med/pave360/tools/risc-v/setup/install/ri5cy_gnu_toolchain/bin/../libexec/gcc/riscv32-unknown-elf/5.2.0/lto-wrapper
Target: riscv32-unknown-elf
Configured with: /net/svr-egc-net-02/vol/med1/med_hw/VirtuaLAB/Development/mabdels/automotives/autoHVP/autohvp/trunk/risc-v/ri5cy_gnu_toolchain.git/trunk/build/src/newlib-gcc/configure --target=riscv32-unknown-elf --prefix=/net/svr-egc-net-02/vol/med1/med_hw/VirtuaLAB/Development/mabdels/automotives/autoHVP/autohvp/trunk/risc-v/ri5cy_gnu_toolchain.git/trunk/install --disable-shared --disable-threads --enable-tls --enable-languages=c,c++ --with-newlib --disable-libmudflap --disable-libssp --disable-libquadmath --disable-libgomp --disable-nls --disable-multilib --with-arch=IM
Thread model: single
gcc version 5.2.0 (GCC) 
COMPILER_PATH=/med/pave360/tools/risc-v/setup/install/ri5cy_gnu_toolchain/bin/../libexec/gcc/riscv32-unknown-elf/5.2.0/:/med/pave360/tools/risc-v/setup/install/ri5cy_gnu_toolchain/bin/../libexec/gcc/:/med/pave360/tools/risc-v/setup/install/ri5cy_gnu_toolchain/bin/../lib/gcc/riscv32-unknown-elf/5.2.0/../../../../riscv32-unknown-elf/bin/
LIBRARY_PATH=/med/pave360/tools/risc-v/setup/install/ri5cy_gnu_toolchain/bin/../lib/gcc/riscv32-unknown-elf/5.2.0/:/med/pave360/tools/risc-v/setup/install/ri5cy_gnu_toolchain/bin/../lib/gcc/:/med/pave360/tools/risc-v/setup/install/ri5cy_gnu_toolchain/bin/../lib/gcc/riscv32-unknown-elf/5.2.0/../../../../riscv32-unknown-elf/lib/
COLLECT_GCC_OPTIONS='-O3' '-m32' '-g' '-v' '-o' 'cmTC_04638' '-march=IM'
 /med/pave360/tools/risc-v/setup/install/ri5cy_gnu_toolchain/bin/../libexec/gcc/riscv32-unknown-elf/5.2.0/collect2 -plugin /med/pave360/tools/risc-v/setup/install/ri5cy_gnu_toolchain/bin/../libexec/gcc/riscv32-unknown-elf/5.2.0/liblto_plugin.so -plugin-opt=/med/pave360/tools/risc-v/setup/install/ri5cy_gnu_toolchain/bin/../libexec/gcc/riscv32-unknown-elf/5.2.0/lto-wrapper -plugin-opt=-fresolution=/tmp/ccsg5tTS.res -plugin-opt=-pass-through=-lgcc -plugin-opt=-pass-through=-lgcc -dT riscv.ld -melf32lriscv --march=IM -o cmTC_04638 /med/pave360/tools/risc-v/setup/install/ri5cy_gnu_toolchain/bin/../lib/gcc/riscv32-unknown-elf/5.2.0/../../../../riscv32-unknown-elf/lib/crt0.o /med/pave360/tools/risc-v/setup/install/ri5cy_gnu_toolchain/bin/../lib/gcc/riscv32-unknown-elf/5.2.0/crtbegin.o -L/med/pave360/tools/risc-v/setup/install/ri5cy_gnu_toolchain/bin/../lib/gcc/riscv32-unknown-elf/5.2.0 -L/med/pave360/tools/risc-v/setup/install/ri5cy_gnu_toolchain/bin/../lib/gcc -L/med/pave360/tools/risc-v/setup/install/ri5cy_gnu_toolchain/bin/../lib/gcc/riscv32-unknown-elf/5.2.0/../../../../riscv32-unknown-elf/lib CMakeFiles/cmTC_04638.dir/CMakeCCompilerABI.c.o -lgcc -lgcc /med/pave360/tools/risc-v/setup/install/ri5cy_gnu_toolchain/bin/../lib/gcc/riscv32-unknown-elf/5.2.0/crtend.o
gmake[1]: Leaving directory `/export/home/users/mabdels/ai_accelerator_riscv/risc-v/sw/build/CMakeFiles/CMakeTmp'


Parsed C implicit link information from above output:
  link line regex: [^( *|.*[/\])(riscv32-unknown-elf-ld|CMAKE_LINK_STARTFILE-NOTFOUND|([^/\]+-)?ld|collect2)[^/\]*( |$)]
  ignore line: [Change Dir: /home/mabdels/egc-med-heliopolis_training/ai_accelerator_riscv/risc-v/sw/build/CMakeFiles/CMakeTmp]
  ignore line: []
  ignore line: [Run Build Command:"/usr/bin/gmake" "cmTC_04638/fast"]
  ignore line: [/usr/bin/gmake -f CMakeFiles/cmTC_04638.dir/build.make CMakeFiles/cmTC_04638.dir/build]
  ignore line: [gmake[1]: Entering directory `/export/home/users/mabdels/ai_accelerator_riscv/risc-v/sw/build/CMakeFiles/CMakeTmp']
  ignore line: [Building C object CMakeFiles/cmTC_04638.dir/CMakeCCompilerABI.c.o]
  ignore line: [/med/pave360/tools/risc-v/setup/install/ri5cy_gnu_toolchain/bin/riscv32-unknown-elf-gcc   -O3 -m32 -g    -o CMakeFiles/cmTC_04638.dir/CMakeCCompilerABI.c.o   -c /med/pave360/tools/risc-v/setup/install/cmake-3.10.0-Linux-x86_64/share/cmake-3.10/Modules/CMakeCCompilerABI.c]
  ignore line: [Linking C executable cmTC_04638]
  ignore line: [/med/pave360/tools/risc-v/setup/install/cmake-3.10.0-Linux-x86_64/bin/cmake -E cmake_link_script CMakeFiles/cmTC_04638.dir/link.txt --verbose=1]
  ignore line: [/med/pave360/tools/risc-v/setup/install/ri5cy_gnu_toolchain/bin/riscv32-unknown-elf-gcc -O3 -m32 -g    -v CMakeFiles/cmTC_04638.dir/CMakeCCompilerABI.c.o  -o cmTC_04638 ]
  ignore line: [Using built-in specs.]
  ignore line: [COLLECT_GCC=/med/pave360/tools/risc-v/setup/install/ri5cy_gnu_toolchain/bin/riscv32-unknown-elf-gcc]
  ignore line: [COLLECT_LTO_WRAPPER=/med/pave360/tools/risc-v/setup/install/ri5cy_gnu_toolchain/bin/../libexec/gcc/riscv32-unknown-elf/5.2.0/lto-wrapper]
  ignore line: [Target: riscv32-unknown-elf]
  ignore line: [Configured with: /net/svr-egc-net-02/vol/med1/med_hw/VirtuaLAB/Development/mabdels/automotives/autoHVP/autohvp/trunk/risc-v/ri5cy_gnu_toolchain.git/trunk/build/src/newlib-gcc/configure --target=riscv32-unknown-elf --prefix=/net/svr-egc-net-02/vol/med1/med_hw/VirtuaLAB/Development/mabdels/automotives/autoHVP/autohvp/trunk/risc-v/ri5cy_gnu_toolchain.git/trunk/install --disable-shared --disable-threads --enable-tls --enable-languages=c,c++ --with-newlib --disable-libmudflap --disable-libssp --disable-libquadmath --disable-libgomp --disable-nls --disable-multilib --with-arch=IM]
  ignore line: [Thread model: single]
  ignore line: [gcc version 5.2.0 (GCC) ]
  ignore line: [COMPILER_PATH=/med/pave360/tools/risc-v/setup/install/ri5cy_gnu_toolchain/bin/../libexec/gcc/riscv32-unknown-elf/5.2.0/:/med/pave360/tools/risc-v/setup/install/ri5cy_gnu_toolchain/bin/../libexec/gcc/:/med/pave360/tools/risc-v/setup/install/ri5cy_gnu_toolchain/bin/../lib/gcc/riscv32-unknown-elf/5.2.0/../../../../riscv32-unknown-elf/bin/]
  ignore line: [LIBRARY_PATH=/med/pave360/tools/risc-v/setup/install/ri5cy_gnu_toolchain/bin/../lib/gcc/riscv32-unknown-elf/5.2.0/:/med/pave360/tools/risc-v/setup/install/ri5cy_gnu_toolchain/bin/../lib/gcc/:/med/pave360/tools/risc-v/setup/install/ri5cy_gnu_toolchain/bin/../lib/gcc/riscv32-unknown-elf/5.2.0/../../../../riscv32-unknown-elf/lib/]
  ignore line: [COLLECT_GCC_OPTIONS='-O3' '-m32' '-g' '-v' '-o' 'cmTC_04638' '-march=IM']
  link line: [ /med/pave360/tools/risc-v/setup/install/ri5cy_gnu_toolchain/bin/../libexec/gcc/riscv32-unknown-elf/5.2.0/collect2 -plugin /med/pave360/tools/risc-v/setup/install/ri5cy_gnu_toolchain/bin/../libexec/gcc/riscv32-unknown-elf/5.2.0/liblto_plugin.so -plugin-opt=/med/pave360/tools/risc-v/setup/install/ri5cy_gnu_toolchain/bin/../libexec/gcc/riscv32-unknown-elf/5.2.0/lto-wrapper -plugin-opt=-fresolution=/tmp/ccsg5tTS.res -plugin-opt=-pass-through=-lgcc -plugin-opt=-pass-through=-lgcc -dT riscv.ld -melf32lriscv --march=IM -o cmTC_04638 /med/pave360/tools/risc-v/setup/install/ri5cy_gnu_toolchain/bin/../lib/gcc/riscv32-unknown-elf/5.2.0/../../../../riscv32-unknown-elf/lib/crt0.o /med/pave360/tools/risc-v/setup/install/ri5cy_gnu_toolchain/bin/../lib/gcc/riscv32-unknown-elf/5.2.0/crtbegin.o -L/med/pave360/tools/risc-v/setup/install/ri5cy_gnu_toolchain/bin/../lib/gcc/riscv32-unknown-elf/5.2.0 -L/med/pave360/tools/risc-v/setup/install/ri5cy_gnu_toolchain/bin/../lib/gcc -L/med/pave360/tools/risc-v/setup/install/ri5cy_gnu_toolchain/bin/../lib/gcc/riscv32-unknown-elf/5.2.0/../../../../riscv32-unknown-elf/lib CMakeFiles/cmTC_04638.dir/CMakeCCompilerABI.c.o -lgcc -lgcc /med/pave360/tools/risc-v/setup/install/ri5cy_gnu_toolchain/bin/../lib/gcc/riscv32-unknown-elf/5.2.0/crtend.o]
    arg [/med/pave360/tools/risc-v/setup/install/ri5cy_gnu_toolchain/bin/../libexec/gcc/riscv32-unknown-elf/5.2.0/collect2] ==> ignore
    arg [-plugin] ==> ignore
    arg [/med/pave360/tools/risc-v/setup/install/ri5cy_gnu_toolchain/bin/../libexec/gcc/riscv32-unknown-elf/5.2.0/liblto_plugin.so] ==> ignore
    arg [-plugin-opt=/med/pave360/tools/risc-v/setup/install/ri5cy_gnu_toolchain/bin/../libexec/gcc/riscv32-unknown-elf/5.2.0/lto-wrapper] ==> ignore
    arg [-plugin-opt=-fresolution=/tmp/ccsg5tTS.res] ==> ignore
    arg [-plugin-opt=-pass-through=-lgcc] ==> ignore
    arg [-plugin-opt=-pass-through=-lgcc] ==> ignore
    arg [-dT] ==> ignore
    arg [riscv.ld] ==> ignore
    arg [-melf32lriscv] ==> ignore
    arg [--march=IM] ==> ignore
    arg [-o] ==> ignore
    arg [cmTC_04638] ==> ignore
    arg [/med/pave360/tools/risc-v/setup/install/ri5cy_gnu_toolchain/bin/../lib/gcc/riscv32-unknown-elf/5.2.0/../../../../riscv32-unknown-elf/lib/crt0.o] ==> ignore
    arg [/med/pave360/tools/risc-v/setup/install/ri5cy_gnu_toolchain/bin/../lib/gcc/riscv32-unknown-elf/5.2.0/crtbegin.o] ==> ignore
    arg [-L/med/pave360/tools/risc-v/setup/install/ri5cy_gnu_toolchain/bin/../lib/gcc/riscv32-unknown-elf/5.2.0] ==> dir [/med/pave360/tools/risc-v/setup/install/ri5cy_gnu_toolchain/bin/../lib/gcc/riscv32-unknown-elf/5.2.0]
    arg [-L/med/pave360/tools/risc-v/setup/install/ri5cy_gnu_toolchain/bin/../lib/gcc] ==> dir [/med/pave360/tools/risc-v/setup/install/ri5cy_gnu_toolchain/bin/../lib/gcc]
    arg [-L/med/pave360/tools/risc-v/setup/install/ri5cy_gnu_toolchain/bin/../lib/gcc/riscv32-unknown-elf/5.2.0/../../../../riscv32-unknown-elf/lib] ==> dir [/med/pave360/tools/risc-v/setup/install/ri5cy_gnu_toolchain/bin/../lib/gcc/riscv32-unknown-elf/5.2.0/../../../../riscv32-unknown-elf/lib]
    arg [CMakeFiles/cmTC_04638.dir/CMakeCCompilerABI.c.o] ==> ignore
    arg [-lgcc] ==> lib [gcc]
    arg [-lgcc] ==> lib [gcc]
    arg [/med/pave360/tools/risc-v/setup/install/ri5cy_gnu_toolchain/bin/../lib/gcc/riscv32-unknown-elf/5.2.0/crtend.o] ==> ignore
  collapse library dir [/med/pave360/tools/risc-v/setup/install/ri5cy_gnu_toolchain/bin/../lib/gcc/riscv32-unknown-elf/5.2.0] ==> [/med/pave360/tools/risc-v/setup/install/ri5cy_gnu_toolchain/lib/gcc/riscv32-unknown-elf/5.2.0]
  collapse library dir [/med/pave360/tools/risc-v/setup/install/ri5cy_gnu_toolchain/bin/../lib/gcc] ==> [/med/pave360/tools/risc-v/setup/install/ri5cy_gnu_toolchain/lib/gcc]
  collapse library dir [/med/pave360/tools/risc-v/setup/install/ri5cy_gnu_toolchain/bin/../lib/gcc/riscv32-unknown-elf/5.2.0/../../../../riscv32-unknown-elf/lib] ==> [/med/pave360/tools/risc-v/setup/install/ri5cy_gnu_toolchain/riscv32-unknown-elf/lib]
  implicit libs: [gcc;gcc]
  implicit dirs: [/med/pave360/tools/risc-v/setup/install/ri5cy_gnu_toolchain/lib/gcc/riscv32-unknown-elf/5.2.0;/med/pave360/tools/risc-v/setup/install/ri5cy_gnu_toolchain/lib/gcc;/med/pave360/tools/risc-v/setup/install/ri5cy_gnu_toolchain/riscv32-unknown-elf/lib]
  implicit fwks: []




Detecting C [-std=c11] compiler features compiled with the following output:
Change Dir: /home/mabdels/egc-med-heliopolis_training/ai_accelerator_riscv/risc-v/sw/build/CMakeFiles/CMakeTmp

Run Build Command:"/usr/bin/gmake" "cmTC_b4369/fast"
/usr/bin/gmake -f CMakeFiles/cmTC_b4369.dir/build.make CMakeFiles/cmTC_b4369.dir/build
gmake[1]: Entering directory `/export/home/users/mabdels/ai_accelerator_riscv/risc-v/sw/build/CMakeFiles/CMakeTmp'
Building C object CMakeFiles/cmTC_b4369.dir/feature_tests.c.o
/med/pave360/tools/risc-v/setup/install/ri5cy_gnu_toolchain/bin/riscv32-unknown-elf-gcc   -O3 -m32 -g    -std=c11 -o CMakeFiles/cmTC_b4369.dir/feature_tests.c.o   -c /home/mabdels/egc-med-heliopolis_training/ai_accelerator_riscv/risc-v/sw/build/CMakeFiles/feature_tests.c
Linking C executable cmTC_b4369
/med/pave360/tools/risc-v/setup/install/cmake-3.10.0-Linux-x86_64/bin/cmake -E cmake_link_script CMakeFiles/cmTC_b4369.dir/link.txt --verbose=1
/med/pave360/tools/risc-v/setup/install/ri5cy_gnu_toolchain/bin/riscv32-unknown-elf-gcc -O3 -m32 -g     CMakeFiles/cmTC_b4369.dir/feature_tests.c.o  -o cmTC_b4369 
gmake[1]: Leaving directory `/export/home/users/mabdels/ai_accelerator_riscv/risc-v/sw/build/CMakeFiles/CMakeTmp'


    Feature record: C_FEATURE:1c_function_prototypes
    Feature record: C_FEATURE:1c_restrict
    Feature record: C_FEATURE:1c_static_assert
    Feature record: C_FEATURE:1c_variadic_macros


Detecting C [-std=c99] compiler features compiled with the following output:
Change Dir: /home/mabdels/egc-med-heliopolis_training/ai_accelerator_riscv/risc-v/sw/build/CMakeFiles/CMakeTmp

Run Build Command:"/usr/bin/gmake" "cmTC_b293b/fast"
/usr/bin/gmake -f CMakeFiles/cmTC_b293b.dir/build.make CMakeFiles/cmTC_b293b.dir/build
gmake[1]: Entering directory `/export/home/users/mabdels/ai_accelerator_riscv/risc-v/sw/build/CMakeFiles/CMakeTmp'
Building C object CMakeFiles/cmTC_b293b.dir/feature_tests.c.o
/med/pave360/tools/risc-v/setup/install/ri5cy_gnu_toolchain/bin/riscv32-unknown-elf-gcc   -O3 -m32 -g    -std=c99 -o CMakeFiles/cmTC_b293b.dir/feature_tests.c.o   -c /home/mabdels/egc-med-heliopolis_training/ai_accelerator_riscv/risc-v/sw/build/CMakeFiles/feature_tests.c
Linking C executable cmTC_b293b
/med/pave360/tools/risc-v/setup/install/cmake-3.10.0-Linux-x86_64/bin/cmake -E cmake_link_script CMakeFiles/cmTC_b293b.dir/link.txt --verbose=1
/med/pave360/tools/risc-v/setup/install/ri5cy_gnu_toolchain/bin/riscv32-unknown-elf-gcc -O3 -m32 -g     CMakeFiles/cmTC_b293b.dir/feature_tests.c.o  -o cmTC_b293b 
gmake[1]: Leaving directory `/export/home/users/mabdels/ai_accelerator_riscv/risc-v/sw/build/CMakeFiles/CMakeTmp'


    Feature record: C_FEATURE:1c_function_prototypes
    Feature record: C_FEATURE:1c_restrict
    Feature record: C_FEATURE:0c_static_assert
    Feature record: C_FEATURE:1c_variadic_macros


Detecting C [-std=c90] compiler features compiled with the following output:
Change Dir: /home/mabdels/egc-med-heliopolis_training/ai_accelerator_riscv/risc-v/sw/build/CMakeFiles/CMakeTmp

Run Build Command:"/usr/bin/gmake" "cmTC_ab675/fast"
/usr/bin/gmake -f CMakeFiles/cmTC_ab675.dir/build.make CMakeFiles/cmTC_ab675.dir/build
gmake[1]: Entering directory `/export/home/users/mabdels/ai_accelerator_riscv/risc-v/sw/build/CMakeFiles/CMakeTmp'
Building C object CMakeFiles/cmTC_ab675.dir/feature_tests.c.o
/med/pave360/tools/risc-v/setup/install/ri5cy_gnu_toolchain/bin/riscv32-unknown-elf-gcc   -O3 -m32 -g    -std=c90 -o CMakeFiles/cmTC_ab675.dir/feature_tests.c.o   -c /home/mabdels/egc-med-heliopolis_training/ai_accelerator_riscv/risc-v/sw/build/CMakeFiles/feature_tests.c
Linking C executable cmTC_ab675
/med/pave360/tools/risc-v/setup/install/cmake-3.10.0-Linux-x86_64/bin/cmake -E cmake_link_script CMakeFiles/cmTC_ab675.dir/link.txt --verbose=1
/med/pave360/tools/risc-v/setup/install/ri5cy_gnu_toolchain/bin/riscv32-unknown-elf-gcc -O3 -m32 -g     CMakeFiles/cmTC_ab675.dir/feature_tests.c.o  -o cmTC_ab675 
gmake[1]: Leaving directory `/export/home/users/mabdels/ai_accelerator_riscv/risc-v/sw/build/CMakeFiles/CMakeTmp'


    Feature record: C_FEATURE:1c_function_prototypes
    Feature record: C_FEATURE:0c_restrict
    Feature record: C_FEATURE:0c_static_assert
    Feature record: C_FEATURE:0c_variadic_macros
Determining if the CXX compiler works passed with the following output:
Change Dir: /home/mabdels/egc-med-heliopolis_training/ai_accelerator_riscv/risc-v/sw/build/CMakeFiles/CMakeTmp

Run Build Command:"/usr/bin/gmake" "cmTC_0e364/fast"
/usr/bin/gmake -f CMakeFiles/cmTC_0e364.dir/build.make CMakeFiles/cmTC_0e364.dir/build
gmake[1]: Entering directory `/export/home/users/mabdels/ai_accelerator_riscv/risc-v/sw/build/CMakeFiles/CMakeTmp'
Building CXX object CMakeFiles/cmTC_0e364.dir/testCXXCompiler.cxx.o
/med/pave360/tools/risc-v/setup/install/ri5cy_gnu_toolchain/bin/riscv32-unknown-elf-c++     -o CMakeFiles/cmTC_0e364.dir/testCXXCompiler.cxx.o -c /home/mabdels/egc-med-heliopolis_training/ai_accelerator_riscv/risc-v/sw/build/CMakeFiles/CMakeTmp/testCXXCompiler.cxx
Linking CXX executable cmTC_0e364
/med/pave360/tools/risc-v/setup/install/cmake-3.10.0-Linux-x86_64/bin/cmake -E cmake_link_script CMakeFiles/cmTC_0e364.dir/link.txt --verbose=1
/med/pave360/tools/risc-v/setup/install/ri5cy_gnu_toolchain/bin/riscv32-unknown-elf-c++       CMakeFiles/cmTC_0e364.dir/testCXXCompiler.cxx.o  -o cmTC_0e364 
gmake[1]: Leaving directory `/export/home/users/mabdels/ai_accelerator_riscv/risc-v/sw/build/CMakeFiles/CMakeTmp'


Detecting CXX compiler ABI info compiled with the following output:
Change Dir: /home/mabdels/egc-med-heliopolis_training/ai_accelerator_riscv/risc-v/sw/build/CMakeFiles/CMakeTmp

Run Build Command:"/usr/bin/gmake" "cmTC_4076c/fast"
/usr/bin/gmake -f CMakeFiles/cmTC_4076c.dir/build.make CMakeFiles/cmTC_4076c.dir/build
gmake[1]: Entering directory `/export/home/users/mabdels/ai_accelerator_riscv/risc-v/sw/build/CMakeFiles/CMakeTmp'
Building CXX object CMakeFiles/cmTC_4076c.dir/CMakeCXXCompilerABI.cpp.o
/med/pave360/tools/risc-v/setup/install/ri5cy_gnu_toolchain/bin/riscv32-unknown-elf-c++     -o CMakeFiles/cmTC_4076c.dir/CMakeCXXCompilerABI.cpp.o -c /med/pave360/tools/risc-v/setup/install/cmake-3.10.0-Linux-x86_64/share/cmake-3.10/Modules/CMakeCXXCompilerABI.cpp
Linking CXX executable cmTC_4076c
/med/pave360/tools/risc-v/setup/install/cmake-3.10.0-Linux-x86_64/bin/cmake -E cmake_link_script CMakeFiles/cmTC_4076c.dir/link.txt --verbose=1
/med/pave360/tools/risc-v/setup/install/ri5cy_gnu_toolchain/bin/riscv32-unknown-elf-c++      -v CMakeFiles/cmTC_4076c.dir/CMakeCXXCompilerABI.cpp.o  -o cmTC_4076c 
Using built-in specs.
COLLECT_GCC=/med/pave360/tools/risc-v/setup/install/ri5cy_gnu_toolchain/bin/riscv32-unknown-elf-c++
COLLECT_LTO_WRAPPER=/med/pave360/tools/risc-v/setup/install/ri5cy_gnu_toolchain/bin/../libexec/gcc/riscv32-unknown-elf/5.2.0/lto-wrapper
Target: riscv32-unknown-elf
Configured with: /net/svr-egc-net-02/vol/med1/med_hw/VirtuaLAB/Development/mabdels/automotives/autoHVP/autohvp/trunk/risc-v/ri5cy_gnu_toolchain.git/trunk/build/src/newlib-gcc/configure --target=riscv32-unknown-elf --prefix=/net/svr-egc-net-02/vol/med1/med_hw/VirtuaLAB/Development/mabdels/automotives/autoHVP/autohvp/trunk/risc-v/ri5cy_gnu_toolchain.git/trunk/install --disable-shared --disable-threads --enable-tls --enable-languages=c,c++ --with-newlib --disable-libmudflap --disable-libssp --disable-libquadmath --disable-libgomp --disable-nls --disable-multilib --with-arch=IM
Thread model: single
gcc version 5.2.0 (GCC) 
COMPILER_PATH=/med/pave360/tools/risc-v/setup/install/ri5cy_gnu_toolchain/bin/../libexec/gcc/riscv32-unknown-elf/5.2.0/:/med/pave360/tools/risc-v/setup/install/ri5cy_gnu_toolchain/bin/../libexec/gcc/:/med/pave360/tools/risc-v/setup/install/ri5cy_gnu_toolchain/bin/../lib/gcc/riscv32-unknown-elf/5.2.0/../../../../riscv32-unknown-elf/bin/
LIBRARY_PATH=/med/pave360/tools/risc-v/setup/install/ri5cy_gnu_toolchain/bin/../lib/gcc/riscv32-unknown-elf/5.2.0/:/med/pave360/tools/risc-v/setup/install/ri5cy_gnu_toolchain/bin/../lib/gcc/:/med/pave360/tools/risc-v/setup/install/ri5cy_gnu_toolchain/bin/../lib/gcc/riscv32-unknown-elf/5.2.0/../../../../riscv32-unknown-elf/lib/
COLLECT_GCC_OPTIONS='-v' '-o' 'cmTC_4076c' '-march=IM'
 /med/pave360/tools/risc-v/setup/install/ri5cy_gnu_toolchain/bin/../libexec/gcc/riscv32-unknown-elf/5.2.0/collect2 -plugin /med/pave360/tools/risc-v/setup/install/ri5cy_gnu_toolchain/bin/../libexec/gcc/riscv32-unknown-elf/5.2.0/liblto_plugin.so -plugin-opt=/med/pave360/tools/risc-v/setup/install/ri5cy_gnu_toolchain/bin/../libexec/gcc/riscv32-unknown-elf/5.2.0/lto-wrapper -plugin-opt=-fresolution=/tmp/ccSXBn3h.res -plugin-opt=-pass-through=-lgcc -plugin-opt=-pass-through=-lgcc -dT riscv.ld --march=IM -o cmTC_4076c /med/pave360/tools/risc-v/setup/install/ri5cy_gnu_toolchain/bin/../lib/gcc/riscv32-unknown-elf/5.2.0/../../../../riscv32-unknown-elf/lib/crt0.o /med/pave360/tools/risc-v/setup/install/ri5cy_gnu_toolchain/bin/../lib/gcc/riscv32-unknown-elf/5.2.0/crtbegin.o -L/med/pave360/tools/risc-v/setup/install/ri5cy_gnu_toolchain/bin/../lib/gcc/riscv32-unknown-elf/5.2.0 -L/med/pave360/tools/risc-v/setup/install/ri5cy_gnu_toolchain/bin/../lib/gcc -L/med/pave360/tools/risc-v/setup/install/ri5cy_gnu_toolchain/bin/../lib/gcc/riscv32-unknown-elf/5.2.0/../../../../riscv32-unknown-elf/lib CMakeFiles/cmTC_4076c.dir/CMakeCXXCompilerABI.cpp.o -lstdc++ -lm -lgcc -lgcc /med/pave360/tools/risc-v/setup/install/ri5cy_gnu_toolchain/bin/../lib/gcc/riscv32-unknown-elf/5.2.0/crtend.o
gmake[1]: Leaving directory `/export/home/users/mabdels/ai_accelerator_riscv/risc-v/sw/build/CMakeFiles/CMakeTmp'


Parsed CXX implicit link information from above output:
  link line regex: [^( *|.*[/\])(riscv32-unknown-elf-ld|CMAKE_LINK_STARTFILE-NOTFOUND|([^/\]+-)?ld|collect2)[^/\]*( |$)]
  ignore line: [Change Dir: /home/mabdels/egc-med-heliopolis_training/ai_accelerator_riscv/risc-v/sw/build/CMakeFiles/CMakeTmp]
  ignore line: []
  ignore line: [Run Build Command:"/usr/bin/gmake" "cmTC_4076c/fast"]
  ignore line: [/usr/bin/gmake -f CMakeFiles/cmTC_4076c.dir/build.make CMakeFiles/cmTC_4076c.dir/build]
  ignore line: [gmake[1]: Entering directory `/export/home/users/mabdels/ai_accelerator_riscv/risc-v/sw/build/CMakeFiles/CMakeTmp']
  ignore line: [Building CXX object CMakeFiles/cmTC_4076c.dir/CMakeCXXCompilerABI.cpp.o]
  ignore line: [/med/pave360/tools/risc-v/setup/install/ri5cy_gnu_toolchain/bin/riscv32-unknown-elf-c++     -o CMakeFiles/cmTC_4076c.dir/CMakeCXXCompilerABI.cpp.o -c /med/pave360/tools/risc-v/setup/install/cmake-3.10.0-Linux-x86_64/share/cmake-3.10/Modules/CMakeCXXCompilerABI.cpp]
  ignore line: [Linking CXX executable cmTC_4076c]
  ignore line: [/med/pave360/tools/risc-v/setup/install/cmake-3.10.0-Linux-x86_64/bin/cmake -E cmake_link_script CMakeFiles/cmTC_4076c.dir/link.txt --verbose=1]
  ignore line: [/med/pave360/tools/risc-v/setup/install/ri5cy_gnu_toolchain/bin/riscv32-unknown-elf-c++      -v CMakeFiles/cmTC_4076c.dir/CMakeCXXCompilerABI.cpp.o  -o cmTC_4076c ]
  ignore line: [Using built-in specs.]
  ignore line: [COLLECT_GCC=/med/pave360/tools/risc-v/setup/install/ri5cy_gnu_toolchain/bin/riscv32-unknown-elf-c++]
  ignore line: [COLLECT_LTO_WRAPPER=/med/pave360/tools/risc-v/setup/install/ri5cy_gnu_toolchain/bin/../libexec/gcc/riscv32-unknown-elf/5.2.0/lto-wrapper]
  ignore line: [Target: riscv32-unknown-elf]
  ignore line: [Configured with: /net/svr-egc-net-02/vol/med1/med_hw/VirtuaLAB/Development/mabdels/automotives/autoHVP/autohvp/trunk/risc-v/ri5cy_gnu_toolchain.git/trunk/build/src/newlib-gcc/configure --target=riscv32-unknown-elf --prefix=/net/svr-egc-net-02/vol/med1/med_hw/VirtuaLAB/Development/mabdels/automotives/autoHVP/autohvp/trunk/risc-v/ri5cy_gnu_toolchain.git/trunk/install --disable-shared --disable-threads --enable-tls --enable-languages=c,c++ --with-newlib --disable-libmudflap --disable-libssp --disable-libquadmath --disable-libgomp --disable-nls --disable-multilib --with-arch=IM]
  ignore line: [Thread model: single]
  ignore line: [gcc version 5.2.0 (GCC) ]
  ignore line: [COMPILER_PATH=/med/pave360/tools/risc-v/setup/install/ri5cy_gnu_toolchain/bin/../libexec/gcc/riscv32-unknown-elf/5.2.0/:/med/pave360/tools/risc-v/setup/install/ri5cy_gnu_toolchain/bin/../libexec/gcc/:/med/pave360/tools/risc-v/setup/install/ri5cy_gnu_toolchain/bin/../lib/gcc/riscv32-unknown-elf/5.2.0/../../../../riscv32-unknown-elf/bin/]
  ignore line: [LIBRARY_PATH=/med/pave360/tools/risc-v/setup/install/ri5cy_gnu_toolchain/bin/../lib/gcc/riscv32-unknown-elf/5.2.0/:/med/pave360/tools/risc-v/setup/install/ri5cy_gnu_toolchain/bin/../lib/gcc/:/med/pave360/tools/risc-v/setup/install/ri5cy_gnu_toolchain/bin/../lib/gcc/riscv32-unknown-elf/5.2.0/../../../../riscv32-unknown-elf/lib/]
  ignore line: [COLLECT_GCC_OPTIONS='-v' '-o' 'cmTC_4076c' '-march=IM']
  link line: [ /med/pave360/tools/risc-v/setup/install/ri5cy_gnu_toolchain/bin/../libexec/gcc/riscv32-unknown-elf/5.2.0/collect2 -plugin /med/pave360/tools/risc-v/setup/install/ri5cy_gnu_toolchain/bin/../libexec/gcc/riscv32-unknown-elf/5.2.0/liblto_plugin.so -plugin-opt=/med/pave360/tools/risc-v/setup/install/ri5cy_gnu_toolchain/bin/../libexec/gcc/riscv32-unknown-elf/5.2.0/lto-wrapper -plugin-opt=-fresolution=/tmp/ccSXBn3h.res -plugin-opt=-pass-through=-lgcc -plugin-opt=-pass-through=-lgcc -dT riscv.ld --march=IM -o cmTC_4076c /med/pave360/tools/risc-v/setup/install/ri5cy_gnu_toolchain/bin/../lib/gcc/riscv32-unknown-elf/5.2.0/../../../../riscv32-unknown-elf/lib/crt0.o /med/pave360/tools/risc-v/setup/install/ri5cy_gnu_toolchain/bin/../lib/gcc/riscv32-unknown-elf/5.2.0/crtbegin.o -L/med/pave360/tools/risc-v/setup/install/ri5cy_gnu_toolchain/bin/../lib/gcc/riscv32-unknown-elf/5.2.0 -L/med/pave360/tools/risc-v/setup/install/ri5cy_gnu_toolchain/bin/../lib/gcc -L/med/pave360/tools/risc-v/setup/install/ri5cy_gnu_toolchain/bin/../lib/gcc/riscv32-unknown-elf/5.2.0/../../../../riscv32-unknown-elf/lib CMakeFiles/cmTC_4076c.dir/CMakeCXXCompilerABI.cpp.o -lstdc++ -lm -lgcc -lgcc /med/pave360/tools/risc-v/setup/install/ri5cy_gnu_toolchain/bin/../lib/gcc/riscv32-unknown-elf/5.2.0/crtend.o]
    arg [/med/pave360/tools/risc-v/setup/install/ri5cy_gnu_toolchain/bin/../libexec/gcc/riscv32-unknown-elf/5.2.0/collect2] ==> ignore
    arg [-plugin] ==> ignore
    arg [/med/pave360/tools/risc-v/setup/install/ri5cy_gnu_toolchain/bin/../libexec/gcc/riscv32-unknown-elf/5.2.0/liblto_plugin.so] ==> ignore
    arg [-plugin-opt=/med/pave360/tools/risc-v/setup/install/ri5cy_gnu_toolchain/bin/../libexec/gcc/riscv32-unknown-elf/5.2.0/lto-wrapper] ==> ignore
    arg [-plugin-opt=-fresolution=/tmp/ccSXBn3h.res] ==> ignore
    arg [-plugin-opt=-pass-through=-lgcc] ==> ignore
    arg [-plugin-opt=-pass-through=-lgcc] ==> ignore
    arg [-dT] ==> ignore
    arg [riscv.ld] ==> ignore
    arg [--march=IM] ==> ignore
    arg [-o] ==> ignore
    arg [cmTC_4076c] ==> ignore
    arg [/med/pave360/tools/risc-v/setup/install/ri5cy_gnu_toolchain/bin/../lib/gcc/riscv32-unknown-elf/5.2.0/../../../../riscv32-unknown-elf/lib/crt0.o] ==> ignore
    arg [/med/pave360/tools/risc-v/setup/install/ri5cy_gnu_toolchain/bin/../lib/gcc/riscv32-unknown-elf/5.2.0/crtbegin.o] ==> ignore
    arg [-L/med/pave360/tools/risc-v/setup/install/ri5cy_gnu_toolchain/bin/../lib/gcc/riscv32-unknown-elf/5.2.0] ==> dir [/med/pave360/tools/risc-v/setup/install/ri5cy_gnu_toolchain/bin/../lib/gcc/riscv32-unknown-elf/5.2.0]
    arg [-L/med/pave360/tools/risc-v/setup/install/ri5cy_gnu_toolchain/bin/../lib/gcc] ==> dir [/med/pave360/tools/risc-v/setup/install/ri5cy_gnu_toolchain/bin/../lib/gcc]
    arg [-L/med/pave360/tools/risc-v/setup/install/ri5cy_gnu_toolchain/bin/../lib/gcc/riscv32-unknown-elf/5.2.0/../../../../riscv32-unknown-elf/lib] ==> dir [/med/pave360/tools/risc-v/setup/install/ri5cy_gnu_toolchain/bin/../lib/gcc/riscv32-unknown-elf/5.2.0/../../../../riscv32-unknown-elf/lib]
    arg [CMakeFiles/cmTC_4076c.dir/CMakeCXXCompilerABI.cpp.o] ==> ignore
    arg [-lstdc++] ==> lib [stdc++]
    arg [-lm] ==> lib [m]
    arg [-lgcc] ==> lib [gcc]
    arg [-lgcc] ==> lib [gcc]
    arg [/med/pave360/tools/risc-v/setup/install/ri5cy_gnu_toolchain/bin/../lib/gcc/riscv32-unknown-elf/5.2.0/crtend.o] ==> ignore
  collapse library dir [/med/pave360/tools/risc-v/setup/install/ri5cy_gnu_toolchain/bin/../lib/gcc/riscv32-unknown-elf/5.2.0] ==> [/med/pave360/tools/risc-v/setup/install/ri5cy_gnu_toolchain/lib/gcc/riscv32-unknown-elf/5.2.0]
  collapse library dir [/med/pave360/tools/risc-v/setup/install/ri5cy_gnu_toolchain/bin/../lib/gcc] ==> [/med/pave360/tools/risc-v/setup/install/ri5cy_gnu_toolchain/lib/gcc]
  collapse library dir [/med/pave360/tools/risc-v/setup/install/ri5cy_gnu_toolchain/bin/../lib/gcc/riscv32-unknown-elf/5.2.0/../../../../riscv32-unknown-elf/lib] ==> [/med/pave360/tools/risc-v/setup/install/ri5cy_gnu_toolchain/riscv32-unknown-elf/lib]
  implicit libs: [stdc++;m;gcc;gcc]
  implicit dirs: [/med/pave360/tools/risc-v/setup/install/ri5cy_gnu_toolchain/lib/gcc/riscv32-unknown-elf/5.2.0;/med/pave360/tools/risc-v/setup/install/ri5cy_gnu_toolchain/lib/gcc;/med/pave360/tools/risc-v/setup/install/ri5cy_gnu_toolchain/riscv32-unknown-elf/lib]
  implicit fwks: []




Detecting CXX [-std=c++1z] compiler features compiled with the following output:
Change Dir: /home/mabdels/egc-med-heliopolis_training/ai_accelerator_riscv/risc-v/sw/build/CMakeFiles/CMakeTmp

Run Build Command:"/usr/bin/gmake" "cmTC_58e30/fast"
/usr/bin/gmake -f CMakeFiles/cmTC_58e30.dir/build.make CMakeFiles/cmTC_58e30.dir/build
gmake[1]: Entering directory `/export/home/users/mabdels/ai_accelerator_riscv/risc-v/sw/build/CMakeFiles/CMakeTmp'
Building CXX object CMakeFiles/cmTC_58e30.dir/feature_tests.cxx.o
/med/pave360/tools/risc-v/setup/install/ri5cy_gnu_toolchain/bin/riscv32-unknown-elf-c++    -std=c++1z -o CMakeFiles/cmTC_58e30.dir/feature_tests.cxx.o -c /home/mabdels/egc-med-heliopolis_training/ai_accelerator_riscv/risc-v/sw/build/CMakeFiles/feature_tests.cxx
Linking CXX executable cmTC_58e30
/med/pave360/tools/risc-v/setup/install/cmake-3.10.0-Linux-x86_64/bin/cmake -E cmake_link_script CMakeFiles/cmTC_58e30.dir/link.txt --verbose=1
/med/pave360/tools/risc-v/setup/install/ri5cy_gnu_toolchain/bin/riscv32-unknown-elf-c++       CMakeFiles/cmTC_58e30.dir/feature_tests.cxx.o  -o cmTC_58e30 
gmake[1]: Leaving directory `/export/home/users/mabdels/ai_accelerator_riscv/risc-v/sw/build/CMakeFiles/CMakeTmp'


    Feature record: CXX_FEATURE:1cxx_aggregate_default_initializers
    Feature record: CXX_FEATURE:1cxx_alias_templates
    Feature record: CXX_FEATURE:1cxx_alignas
    Feature record: CXX_FEATURE:1cxx_alignof
    Feature record: CXX_FEATURE:1cxx_attributes
    Feature record: CXX_FEATURE:1cxx_attribute_deprecated
    Feature record: CXX_FEATURE:1cxx_auto_type
    Feature record: CXX_FEATURE:1cxx_binary_literals
    Feature record: CXX_FEATURE:1cxx_constexpr
    Feature record: CXX_FEATURE:1cxx_contextual_conversions
    Feature record: CXX_FEATURE:1cxx_decltype
    Feature record: CXX_FEATURE:1cxx_decltype_auto
    Feature record: CXX_FEATURE:1cxx_decltype_incomplete_return_types
    Feature record: CXX_FEATURE:1cxx_default_function_template_args
    Feature record: CXX_FEATURE:1cxx_defaulted_functions
    Feature record: CXX_FEATURE:1cxx_defaulted_move_initializers
    Feature record: CXX_FEATURE:1cxx_delegating_constructors
    Feature record: CXX_FEATURE:1cxx_deleted_functions
    Feature record: CXX_FEATURE:1cxx_digit_separators
    Feature record: CXX_FEATURE:1cxx_enum_forward_declarations
    Feature record: CXX_FEATURE:1cxx_explicit_conversions
    Feature record: CXX_FEATURE:1cxx_extended_friend_declarations
    Feature record: CXX_FEATURE:1cxx_extern_templates
    Feature record: CXX_FEATURE:1cxx_final
    Feature record: CXX_FEATURE:1cxx_func_identifier
    Feature record: CXX_FEATURE:1cxx_generalized_initializers
    Feature record: CXX_FEATURE:1cxx_generic_lambdas
    Feature record: CXX_FEATURE:1cxx_inheriting_constructors
    Feature record: CXX_FEATURE:1cxx_inline_namespaces
    Feature record: CXX_FEATURE:1cxx_lambdas
    Feature record: CXX_FEATURE:1cxx_lambda_init_captures
    Feature record: CXX_FEATURE:1cxx_local_type_template_args
    Feature record: CXX_FEATURE:1cxx_long_long_type
    Feature record: CXX_FEATURE:1cxx_noexcept
    Feature record: CXX_FEATURE:1cxx_nonstatic_member_init
    Feature record: CXX_FEATURE:1cxx_nullptr
    Feature record: CXX_FEATURE:1cxx_override
    Feature record: CXX_FEATURE:1cxx_range_for
    Feature record: CXX_FEATURE:1cxx_raw_string_literals
    Feature record: CXX_FEATURE:1cxx_reference_qualified_functions
    Feature record: CXX_FEATURE:1cxx_relaxed_constexpr
    Feature record: CXX_FEATURE:1cxx_return_type_deduction
    Feature record: CXX_FEATURE:1cxx_right_angle_brackets
    Feature record: CXX_FEATURE:1cxx_rvalue_references
    Feature record: CXX_FEATURE:1cxx_sizeof_member
    Feature record: CXX_FEATURE:1cxx_static_assert
    Feature record: CXX_FEATURE:1cxx_strong_enums
    Feature record: CXX_FEATURE:1cxx_template_template_parameters
    Feature record: CXX_FEATURE:1cxx_thread_local
    Feature record: CXX_FEATURE:1cxx_trailing_return_types
    Feature record: CXX_FEATURE:1cxx_unicode_literals
    Feature record: CXX_FEATURE:1cxx_uniform_initialization
    Feature record: CXX_FEATURE:1cxx_unrestricted_unions
    Feature record: CXX_FEATURE:1cxx_user_literals
    Feature record: CXX_FEATURE:1cxx_variable_templates
    Feature record: CXX_FEATURE:1cxx_variadic_macros
    Feature record: CXX_FEATURE:1cxx_variadic_templates


Detecting CXX [-std=c++14] compiler features compiled with the following output:
Change Dir: /home/mabdels/egc-med-heliopolis_training/ai_accelerator_riscv/risc-v/sw/build/CMakeFiles/CMakeTmp

Run Build Command:"/usr/bin/gmake" "cmTC_9d266/fast"
/usr/bin/gmake -f CMakeFiles/cmTC_9d266.dir/build.make CMakeFiles/cmTC_9d266.dir/build
gmake[1]: Entering directory `/export/home/users/mabdels/ai_accelerator_riscv/risc-v/sw/build/CMakeFiles/CMakeTmp'
Building CXX object CMakeFiles/cmTC_9d266.dir/feature_tests.cxx.o
/med/pave360/tools/risc-v/setup/install/ri5cy_gnu_toolchain/bin/riscv32-unknown-elf-c++    -std=c++14 -o CMakeFiles/cmTC_9d266.dir/feature_tests.cxx.o -c /home/mabdels/egc-med-heliopolis_training/ai_accelerator_riscv/risc-v/sw/build/CMakeFiles/feature_tests.cxx
Linking CXX executable cmTC_9d266
/med/pave360/tools/risc-v/setup/install/cmake-3.10.0-Linux-x86_64/bin/cmake -E cmake_link_script CMakeFiles/cmTC_9d266.dir/link.txt --verbose=1
/med/pave360/tools/risc-v/setup/install/ri5cy_gnu_toolchain/bin/riscv32-unknown-elf-c++       CMakeFiles/cmTC_9d266.dir/feature_tests.cxx.o  -o cmTC_9d266 
gmake[1]: Leaving directory `/export/home/users/mabdels/ai_accelerator_riscv/risc-v/sw/build/CMakeFiles/CMakeTmp'


    Feature record: CXX_FEATURE:1cxx_aggregate_default_initializers
    Feature record: CXX_FEATURE:1cxx_alias_templates
    Feature record: CXX_FEATURE:1cxx_alignas
    Feature record: CXX_FEATURE:1cxx_alignof
    Feature record: CXX_FEATURE:1cxx_attributes
    Feature record: CXX_FEATURE:1cxx_attribute_deprecated
    Feature record: CXX_FEATURE:1cxx_auto_type
    Feature record: CXX_FEATURE:1cxx_binary_literals
    Feature record: CXX_FEATURE:1cxx_constexpr
    Feature record: CXX_FEATURE:1cxx_contextual_conversions
    Feature record: CXX_FEATURE:1cxx_decltype
    Feature record: CXX_FEATURE:1cxx_decltype_auto
    Feature record: CXX_FEATURE:1cxx_decltype_incomplete_return_types
    Feature record: CXX_FEATURE:1cxx_default_function_template_args
    Feature record: CXX_FEATURE:1cxx_defaulted_functions
    Feature record: CXX_FEATURE:1cxx_defaulted_move_initializers
    Feature record: CXX_FEATURE:1cxx_delegating_constructors
    Feature record: CXX_FEATURE:1cxx_deleted_functions
    Feature record: CXX_FEATURE:1cxx_digit_separators
    Feature record: CXX_FEATURE:1cxx_enum_forward_declarations
    Feature record: CXX_FEATURE:1cxx_explicit_conversions
    Feature record: CXX_FEATURE:1cxx_extended_friend_declarations
    Feature record: CXX_FEATURE:1cxx_extern_templates
    Feature record: CXX_FEATURE:1cxx_final
    Feature record: CXX_FEATURE:1cxx_func_identifier
    Feature record: CXX_FEATURE:1cxx_generalized_initializers
    Feature record: CXX_FEATURE:1cxx_generic_lambdas
    Feature record: CXX_FEATURE:1cxx_inheriting_constructors
    Feature record: CXX_FEATURE:1cxx_inline_namespaces
    Feature record: CXX_FEATURE:1cxx_lambdas
    Feature record: CXX_FEATURE:1cxx_lambda_init_captures
    Feature record: CXX_FEATURE:1cxx_local_type_template_args
    Feature record: CXX_FEATURE:1cxx_long_long_type
    Feature record: CXX_FEATURE:1cxx_noexcept
    Feature record: CXX_FEATURE:1cxx_nonstatic_member_init
    Feature record: CXX_FEATURE:1cxx_nullptr
    Feature record: CXX_FEATURE:1cxx_override
    Feature record: CXX_FEATURE:1cxx_range_for
    Feature record: CXX_FEATURE:1cxx_raw_string_literals
    Feature record: CXX_FEATURE:1cxx_reference_qualified_functions
    Feature record: CXX_FEATURE:1cxx_relaxed_constexpr
    Feature record: CXX_FEATURE:1cxx_return_type_deduction
    Feature record: CXX_FEATURE:1cxx_right_angle_brackets
    Feature record: CXX_FEATURE:1cxx_rvalue_references
    Feature record: CXX_FEATURE:1cxx_sizeof_member
    Feature record: CXX_FEATURE:1cxx_static_assert
    Feature record: CXX_FEATURE:1cxx_strong_enums
    Feature record: CXX_FEATURE:1cxx_template_template_parameters
    Feature record: CXX_FEATURE:1cxx_thread_local
    Feature record: CXX_FEATURE:1cxx_trailing_return_types
    Feature record: CXX_FEATURE:1cxx_unicode_literals
    Feature record: CXX_FEATURE:1cxx_uniform_initialization
    Feature record: CXX_FEATURE:1cxx_unrestricted_unions
    Feature record: CXX_FEATURE:1cxx_user_literals
    Feature record: CXX_FEATURE:1cxx_variable_templates
    Feature record: CXX_FEATURE:1cxx_variadic_macros
    Feature record: CXX_FEATURE:1cxx_variadic_templates


Detecting CXX [-std=c++11] compiler features compiled with the following output:
Change Dir: /home/mabdels/egc-med-heliopolis_training/ai_accelerator_riscv/risc-v/sw/build/CMakeFiles/CMakeTmp

Run Build Command:"/usr/bin/gmake" "cmTC_46202/fast"
/usr/bin/gmake -f CMakeFiles/cmTC_46202.dir/build.make CMakeFiles/cmTC_46202.dir/build
gmake[1]: Entering directory `/export/home/users/mabdels/ai_accelerator_riscv/risc-v/sw/build/CMakeFiles/CMakeTmp'
Building CXX object CMakeFiles/cmTC_46202.dir/feature_tests.cxx.o
/med/pave360/tools/risc-v/setup/install/ri5cy_gnu_toolchain/bin/riscv32-unknown-elf-c++    -std=c++11 -o CMakeFiles/cmTC_46202.dir/feature_tests.cxx.o -c /home/mabdels/egc-med-heliopolis_training/ai_accelerator_riscv/risc-v/sw/build/CMakeFiles/feature_tests.cxx
Linking CXX executable cmTC_46202
/med/pave360/tools/risc-v/setup/install/cmake-3.10.0-Linux-x86_64/bin/cmake -E cmake_link_script CMakeFiles/cmTC_46202.dir/link.txt --verbose=1
/med/pave360/tools/risc-v/setup/install/ri5cy_gnu_toolchain/bin/riscv32-unknown-elf-c++       CMakeFiles/cmTC_46202.dir/feature_tests.cxx.o  -o cmTC_46202 
gmake[1]: Leaving directory `/export/home/users/mabdels/ai_accelerator_riscv/risc-v/sw/build/CMakeFiles/CMakeTmp'


    Feature record: CXX_FEATURE:0cxx_aggregate_default_initializers
    Feature record: CXX_FEATURE:1cxx_alias_templates
    Feature record: CXX_FEATURE:1cxx_alignas
    Feature record: CXX_FEATURE:1cxx_alignof
    Feature record: CXX_FEATURE:1cxx_attributes
    Feature record: CXX_FEATURE:0cxx_attribute_deprecated
    Feature record: CXX_FEATURE:1cxx_auto_type
    Feature record: CXX_FEATURE:0cxx_binary_literals
    Feature record: CXX_FEATURE:1cxx_constexpr
    Feature record: CXX_FEATURE:0cxx_contextual_conversions
    Feature record: CXX_FEATURE:1cxx_decltype
    Feature record: CXX_FEATURE:0cxx_decltype_auto
    Feature record: CXX_FEATURE:1cxx_decltype_incomplete_return_types
    Feature record: CXX_FEATURE:1cxx_default_function_template_args
    Feature record: CXX_FEATURE:1cxx_defaulted_functions
    Feature record: CXX_FEATURE:1cxx_defaulted_move_initializers
    Feature record: CXX_FEATURE:1cxx_delegating_constructors
    Feature record: CXX_FEATURE:1cxx_deleted_functions
    Feature record: CXX_FEATURE:0cxx_digit_separators
    Feature record: CXX_FEATURE:1cxx_enum_forward_declarations
    Feature record: CXX_FEATURE:1cxx_explicit_conversions
    Feature record: CXX_FEATURE:1cxx_extended_friend_declarations
    Feature record: CXX_FEATURE:1cxx_extern_templates
    Feature record: CXX_FEATURE:1cxx_final
    Feature record: CXX_FEATURE:1cxx_func_identifier
    Feature record: CXX_FEATURE:1cxx_generalized_initializers
    Feature record: CXX_FEATURE:0cxx_generic_lambdas
    Feature record: CXX_FEATURE:1cxx_inheriting_constructors
    Feature record: CXX_FEATURE:1cxx_inline_namespaces
    Feature record: CXX_FEATURE:1cxx_lambdas
    Feature record: CXX_FEATURE:0cxx_lambda_init_captures
    Feature record: CXX_FEATURE:1cxx_local_type_template_args
    Feature record: CXX_FEATURE:1cxx_long_long_type
    Feature record: CXX_FEATURE:1cxx_noexcept
    Feature record: CXX_FEATURE:1cxx_nonstatic_member_init
    Feature record: CXX_FEATURE:1cxx_nullptr
    Feature record: CXX_FEATURE:1cxx_override
    Feature record: CXX_FEATURE:1cxx_range_for
    Feature record: CXX_FEATURE:1cxx_raw_string_literals
    Feature record: CXX_FEATURE:1cxx_reference_qualified_functions
    Feature record: CXX_FEATURE:0cxx_relaxed_constexpr
    Feature record: CXX_FEATURE:0cxx_return_type_deduction
    Feature record: CXX_FEATURE:1cxx_right_angle_brackets
    Feature record: CXX_FEATURE:1cxx_rvalue_references
    Feature record: CXX_FEATURE:1cxx_sizeof_member
    Feature record: CXX_FEATURE:1cxx_static_assert
    Feature record: CXX_FEATURE:1cxx_strong_enums
    Feature record: CXX_FEATURE:1cxx_template_template_parameters
    Feature record: CXX_FEATURE:1cxx_thread_local
    Feature record: CXX_FEATURE:1cxx_trailing_return_types
    Feature record: CXX_FEATURE:1cxx_unicode_literals
    Feature record: CXX_FEATURE:1cxx_uniform_initialization
    Feature record: CXX_FEATURE:1cxx_unrestricted_unions
    Feature record: CXX_FEATURE:1cxx_user_literals
    Feature record: CXX_FEATURE:0cxx_variable_templates
    Feature record: CXX_FEATURE:1cxx_variadic_macros
    Feature record: CXX_FEATURE:1cxx_variadic_templates


Detecting CXX [-std=c++98] compiler features compiled with the following output:
Change Dir: /home/mabdels/egc-med-heliopolis_training/ai_accelerator_riscv/risc-v/sw/build/CMakeFiles/CMakeTmp

Run Build Command:"/usr/bin/gmake" "cmTC_befe4/fast"
/usr/bin/gmake -f CMakeFiles/cmTC_befe4.dir/build.make CMakeFiles/cmTC_befe4.dir/build
gmake[1]: Entering directory `/export/home/users/mabdels/ai_accelerator_riscv/risc-v/sw/build/CMakeFiles/CMakeTmp'
Building CXX object CMakeFiles/cmTC_befe4.dir/feature_tests.cxx.o
/med/pave360/tools/risc-v/setup/install/ri5cy_gnu_toolchain/bin/riscv32-unknown-elf-c++    -std=c++98 -o CMakeFiles/cmTC_befe4.dir/feature_tests.cxx.o -c /home/mabdels/egc-med-heliopolis_training/ai_accelerator_riscv/risc-v/sw/build/CMakeFiles/feature_tests.cxx
Linking CXX executable cmTC_befe4
/med/pave360/tools/risc-v/setup/install/cmake-3.10.0-Linux-x86_64/bin/cmake -E cmake_link_script CMakeFiles/cmTC_befe4.dir/link.txt --verbose=1
/med/pave360/tools/risc-v/setup/install/ri5cy_gnu_toolchain/bin/riscv32-unknown-elf-c++       CMakeFiles/cmTC_befe4.dir/feature_tests.cxx.o  -o cmTC_befe4 
gmake[1]: Leaving directory `/export/home/users/mabdels/ai_accelerator_riscv/risc-v/sw/build/CMakeFiles/CMakeTmp'


    Feature record: CXX_FEATURE:0cxx_aggregate_default_initializers
    Feature record: CXX_FEATURE:0cxx_alias_templates
    Feature record: CXX_FEATURE:0cxx_alignas
    Feature record: CXX_FEATURE:0cxx_alignof
    Feature record: CXX_FEATURE:0cxx_attributes
    Feature record: CXX_FEATURE:0cxx_attribute_deprecated
    Feature record: CXX_FEATURE:0cxx_auto_type
    Feature record: CXX_FEATURE:0cxx_binary_literals
    Feature record: CXX_FEATURE:0cxx_constexpr
    Feature record: CXX_FEATURE:0cxx_contextual_conversions
    Feature record: CXX_FEATURE:0cxx_decltype
    Feature record: CXX_FEATURE:0cxx_decltype_auto
    Feature record: CXX_FEATURE:0cxx_decltype_incomplete_return_types
    Feature record: CXX_FEATURE:0cxx_default_function_template_args
    Feature record: CXX_FEATURE:0cxx_defaulted_functions
    Feature record: CXX_FEATURE:0cxx_defaulted_move_initializers
    Feature record: CXX_FEATURE:0cxx_delegating_constructors
    Feature record: CXX_FEATURE:0cxx_deleted_functions
    Feature record: CXX_FEATURE:0cxx_digit_separators
    Feature record: CXX_FEATURE:0cxx_enum_forward_declarations
    Feature record: CXX_FEATURE:0cxx_explicit_conversions
    Feature record: CXX_FEATURE:0cxx_extended_friend_declarations
    Feature record: CXX_FEATURE:0cxx_extern_templates
    Feature record: CXX_FEATURE:0cxx_final
    Feature record: CXX_FEATURE:0cxx_func_identifier
    Feature record: CXX_FEATURE:0cxx_generalized_initializers
    Feature record: CXX_FEATURE:0cxx_generic_lambdas
    Feature record: CXX_FEATURE:0cxx_inheriting_constructors
    Feature record: CXX_FEATURE:0cxx_inline_namespaces
    Feature record: CXX_FEATURE:0cxx_lambdas
    Feature record: CXX_FEATURE:0cxx_lambda_init_captures
    Feature record: CXX_FEATURE:0cxx_local_type_template_args
    Feature record: CXX_FEATURE:0cxx_long_long_type
    Feature record: CXX_FEATURE:0cxx_noexcept
    Feature record: CXX_FEATURE:0cxx_nonstatic_member_init
    Feature record: CXX_FEATURE:0cxx_nullptr
    Feature record: CXX_FEATURE:0cxx_override
    Feature record: CXX_FEATURE:0cxx_range_for
    Feature record: CXX_FEATURE:0cxx_raw_string_literals
    Feature record: CXX_FEATURE:0cxx_reference_qualified_functions
    Feature record: CXX_FEATURE:0cxx_relaxed_constexpr
    Feature record: CXX_FEATURE:0cxx_return_type_deduction
    Feature record: CXX_FEATURE:0cxx_right_angle_brackets
    Feature record: CXX_FEATURE:0cxx_rvalue_references
    Feature record: CXX_FEATURE:0cxx_sizeof_member
    Feature record: CXX_FEATURE:0cxx_static_assert
    Feature record: CXX_FEATURE:0cxx_strong_enums
    Feature record: CXX_FEATURE:1cxx_template_template_parameters
    Feature record: CXX_FEATURE:0cxx_thread_local
    Feature record: CXX_FEATURE:0cxx_trailing_return_types
    Feature record: CXX_FEATURE:0cxx_unicode_literals
    Feature record: CXX_FEATURE:0cxx_uniform_initialization
    Feature record: CXX_FEATURE:0cxx_unrestricted_unions
    Feature record: CXX_FEATURE:0cxx_user_literals
    Feature record: CXX_FEATURE:0cxx_variable_templates
    Feature record: CXX_FEATURE:0cxx_variadic_macros
    Feature record: CXX_FEATURE:0cxx_variadic_templates
